<?xml version="1.0" encoding="UTF-8"?>
<testng-results ignored="0" total="1" passed="1" failed="0" skipped="0">
  <reporter-output>
  </reporter-output>
  <suite started-at="2021-08-02T20:09:49 COT" name="Default suite" finished-at="2021-08-02T20:11:55 COT" duration-ms="125095">
    <groups>
    </groups>
    <test started-at="2021-08-02T20:09:49 COT" name="Default test" finished-at="2021-08-02T20:11:55 COT" duration-ms="125095">
      <class name="com.chekingURL.test.CheckURLTest">
        <test-method is-config="true" signature="beforeClass()[pri:0, instance:com.chekingURL.test.CheckURLTest@70e8f8e]" started-at="2021-08-02T20:09:50 COT" name="beforeClass" finished-at="2021-08-02T20:10:46 COT" duration-ms="56197" status="PASS">
          <reporter-output>
          </reporter-output>
        </test-method> <!-- beforeClass -->
        <test-method signature="f()[pri:0, instance:com.chekingURL.test.CheckURLTest@70e8f8e]" started-at="2021-08-02T20:10:46 COT" name="f" finished-at="2021-08-02T20:11:51 COT" duration-ms="65588" status="PASS">
          <reporter-output>
          </reporter-output>
        </test-method> <!-- f -->
        <test-method is-config="true" signature="afterClass()[pri:0, instance:com.chekingURL.test.CheckURLTest@70e8f8e]" started-at="2021-08-02T20:11:51 COT" name="afterClass" finished-at="2021-08-02T20:11:55 COT" duration-ms="3135" status="PASS">
          <reporter-output>
          </reporter-output>
        </test-method> <!-- afterClass -->
      </class> <!-- com.chekingURL.test.CheckURLTest -->
    </test> <!-- Default test -->
  </suite> <!-- Default suite -->
</testng-results>
